Compilación iniciada a las 17/02/2017 03:36:33 p.m..
     1>Proyecto "c:\Users\Gonxalo\documents\visual studio 2012\Projects\LZWCUDA\LZWCUDA\LZWCUDA.vcxproj" en el nodo 2 (Build destinos).
     1>AddCudaCompileDeps:
         C:\Program Files (x86)\Microsoft Visual Studio 11.0\VC\bin\cl.exe /E /nologo /showIncludes /TP /D__CUDACC__ /DWIN32 /D_DEBUG /D_CONSOLE /D_MBCS /I"C:\Program Files\NVIDIA GPU Computing Toolkit\CUDA\v8.0\include" /I"C:\Program Files\NVIDIA GPU Computing Toolkit\CUDA\v8.0\bin" /I"C:\Program Files\NVIDIA GPU Computing Toolkit\CUDA\v8.0\include" /I. /FIcuda_runtime.h /c "c:\Users\Gonxalo\documents\visual studio 2012\Projects\LZWCUDA\LZWCUDA\kernel.cu" 
     1>El proyecto "c:\Users\Gonxalo\documents\visual studio 2012\Projects\LZWCUDA\LZWCUDA\LZWCUDA.vcxproj" (1) está compilando "c:\Users\Gonxalo\documents\visual studio 2012\Projects\LZWCUDA\LZWCUDA\LZWCUDA.vcxproj" (1:2) en el nodo 2 (CudaBuildCore destinos).
     1>CudaBuildCore:
         Compiling CUDA source file kernel.cu...
         cmd.exe /C "C:\Users\Gonxalo\AppData\Local\Temp\tmp3327fc6febb84596964d086b2887cba3.cmd"
         "C:\Program Files\NVIDIA GPU Computing Toolkit\CUDA\v8.0\bin\nvcc.exe" -gencode=arch=compute_20,code=\"sm_20,compute_20\" --use-local-env --cl-version 2012 -ccbin "C:\Program Files (x86)\Microsoft Visual Studio 11.0\VC\bin"  -I"C:\Program Files\NVIDIA GPU Computing Toolkit\CUDA\v8.0\include" -I"C:\Program Files\NVIDIA GPU Computing Toolkit\CUDA\v8.0\include"  -G   --keep-dir Debug -maxrregcount=0  --machine 32 --compile -cudart static  -g   -DWIN32 -D_DEBUG -D_CONSOLE -D_MBCS -Xcompiler "/EHsc /W3 /nologo /Od  /Zi /RTC1 /MDd " -o Debug\kernel.cu.obj "c:\Users\Gonxalo\documents\visual studio 2012\Projects\LZWCUDA\LZWCUDA\kernel.cu"
         
         c:\Users\Gonxalo\documents\visual studio 2012\Projects\LZWCUDA\LZWCUDA>"C:\Program Files\NVIDIA GPU Computing Toolkit\CUDA\v8.0\bin\nvcc.exe" -gencode=arch=compute_20,code=\"sm_20,compute_20\" --use-local-env --cl-version 2012 -ccbin "C:\Program Files (x86)\Microsoft Visual Studio 11.0\VC\bin"  -I"C:\Program Files\NVIDIA GPU Computing Toolkit\CUDA\v8.0\include" -I"C:\Program Files\NVIDIA GPU Computing Toolkit\CUDA\v8.0\include"  -G   --keep-dir Debug -maxrregcount=0  --machine 32 --compile -cudart static  -g   -DWIN32 -D_DEBUG -D_CONSOLE -D_MBCS -Xcompiler "/EHsc /W3 /nologo /Od  /Zi /RTC1 /MDd " -o Debug\kernel.cu.obj "c:\Users\Gonxalo\documents\visual studio 2012\Projects\LZWCUDA\LZWCUDA\kernel.cu" 
     1>CUDACOMPILE : nvcc warning : The 'compute_20', 'sm_20', and 'sm_21' architectures are deprecated, and may be removed in a future release (Use -Wno-deprecated-gpu-targets to suppress warning).
         kernel.cu
     1>Compilación del proyecto terminada "c:\Users\Gonxalo\documents\visual studio 2012\Projects\LZWCUDA\LZWCUDA\LZWCUDA.vcxproj" (CudaBuildCore destinos).
     1>Link:
         C:\Program Files (x86)\Microsoft Visual Studio 11.0\VC\bin\link.exe /ERRORREPORT:PROMPT /OUT:"c:\Users\Gonxalo\documents\visual studio 2012\Projects\LZWCUDA\Debug\LZWCUDA.exe" /INCREMENTAL /NOLOGO /LIBPATH:"C:\Program Files\NVIDIA GPU Computing Toolkit\CUDA\v8.0\lib\Win32" cudart.lib kernel32.lib user32.lib gdi32.lib winspool.lib comdlg32.lib advapi32.lib shell32.lib ole32.lib oleaut32.lib uuid.lib odbc32.lib odbccp32.lib kernel32.lib user32.lib gdi32.lib winspool.lib comdlg32.lib advapi32.lib shell32.lib ole32.lib oleaut32.lib uuid.lib odbc32.lib odbccp32.lib /MANIFEST /MANIFESTUAC:"level='asInvoker' uiAccess='false'" /manifest:embed /DEBUG /PDB:"c:\Users\Gonxalo\documents\visual studio 2012\Projects\LZWCUDA\Debug\LZWCUDA.pdb" /SUBSYSTEM:CONSOLE /TLBID:1 /DYNAMICBASE /NXCOMPAT /IMPLIB:"c:\Users\Gonxalo\documents\visual studio 2012\Projects\LZWCUDA\Debug\LZWCUDA.lib" /MACHINE:X86 Debug\kernel.cu.obj
         LZWCUDA.vcxproj -> c:\Users\Gonxalo\documents\visual studio 2012\Projects\LZWCUDA\Debug\LZWCUDA.exe
       PostBuildEvent:
         echo copy "C:\Program Files\NVIDIA GPU Computing Toolkit\CUDA\v8.0\bin\cudart*.dll" "c:\Users\Gonxalo\documents\visual studio 2012\Projects\LZWCUDA\Debug\"
         copy "C:\Program Files\NVIDIA GPU Computing Toolkit\CUDA\v8.0\bin\cudart*.dll" "c:\Users\Gonxalo\documents\visual studio 2012\Projects\LZWCUDA\Debug\"
         :VCEnd
         copy "C:\Program Files\NVIDIA GPU Computing Toolkit\CUDA\v8.0\bin\cudart*.dll" "c:\Users\Gonxalo\documents\visual studio 2012\Projects\LZWCUDA\Debug\"
         C:\Program Files\NVIDIA GPU Computing Toolkit\CUDA\v8.0\bin\cudart32_80.dll
         C:\Program Files\NVIDIA GPU Computing Toolkit\CUDA\v8.0\bin\cudart64_80.dll
                 2 archivo(s) copiado(s).
     1>Compilación del proyecto terminada "c:\Users\Gonxalo\documents\visual studio 2012\Projects\LZWCUDA\LZWCUDA\LZWCUDA.vcxproj" (Build destinos).

Compilación correcta.

Tiempo transcurrido 00:00:15.01
